{"/Users/gazzamacd42/Code/learn/js/vanilla_js/study_hard_parts_oop/1.object_creation/object-creation.js": {"path":"/Users/gazzamacd42/Code/learn/js/vanilla_js/study_hard_parts_oop/1.object_creation/object-creation.js","statementMap":{"0":{"start":{"line":5,"column":16},"end":{"line":5,"column":18}},"1":{"start":{"line":6,"column":0},"end":{"line":6,"column":24}},"2":{"start":{"line":7,"column":0},"end":{"line":7,"column":19}},"3":{"start":{"line":8,"column":0},"end":{"line":10,"column":2}},"4":{"start":{"line":9,"column":4},"end":{"line":9,"column":23}},"5":{"start":{"line":15,"column":16},"end":{"line":21,"column":1}},"6":{"start":{"line":19,"column":8},"end":{"line":19,"column":27}},"7":{"start":{"line":31,"column":18},"end":{"line":31,"column":35}},"8":{"start":{"line":32,"column":0},"end":{"line":32,"column":26}},"9":{"start":{"line":33,"column":0},"end":{"line":33,"column":21}},"10":{"start":{"line":34,"column":0},"end":{"line":36,"column":2}},"11":{"start":{"line":35,"column":4},"end":{"line":35,"column":25}},"12":{"start":{"line":43,"column":20},"end":{"line":43,"column":22}},"13":{"start":{"line":44,"column":4},"end":{"line":44,"column":24}},"14":{"start":{"line":45,"column":4},"end":{"line":45,"column":26}},"15":{"start":{"line":46,"column":4},"end":{"line":48,"column":6}},"16":{"start":{"line":47,"column":8},"end":{"line":47,"column":27}},"17":{"start":{"line":49,"column":4},"end":{"line":49,"column":19}},"18":{"start":{"line":53,"column":17},"end":{"line":53,"column":39}}},"fnMap":{"0":{"name":"(anonymous_0)","decl":{"start":{"line":8,"column":20},"end":{"line":8,"column":21}},"loc":{"start":{"line":8,"column":32},"end":{"line":10,"column":1}},"line":8},"1":{"name":"(anonymous_1)","decl":{"start":{"line":18,"column":15},"end":{"line":18,"column":16}},"loc":{"start":{"line":18,"column":27},"end":{"line":20,"column":5}},"line":18},"2":{"name":"(anonymous_2)","decl":{"start":{"line":34,"column":22},"end":{"line":34,"column":23}},"loc":{"start":{"line":34,"column":34},"end":{"line":36,"column":1}},"line":34},"3":{"name":"UserCreator","decl":{"start":{"line":42,"column":9},"end":{"line":42,"column":20}},"loc":{"start":{"line":42,"column":34},"end":{"line":50,"column":1}},"line":42},"4":{"name":"(anonymous_4)","decl":{"start":{"line":46,"column":24},"end":{"line":46,"column":25}},"loc":{"start":{"line":46,"column":36},"end":{"line":48,"column":5}},"line":46}},"branchMap":{},"s":{"0":1,"1":1,"2":1,"3":1,"4":1,"5":1,"6":1,"7":1,"8":1,"9":1,"10":1,"11":1,"12":1,"13":1,"14":1,"15":1,"16":1,"17":1,"18":1},"f":{"0":1,"1":1,"2":1,"3":1,"4":1},"b":{},"_coverageSchema":"1a1c01bbd47fc00a2c39e90264f33305004495a9","hash":"3a52eb74c23428333a4e847ef1bfca2deb27e38d"}
,"/Users/gazzamacd42/Code/learn/js/vanilla_js/study_hard_parts_oop/2.prototype_and_new/prototype-use-with-this.js": {"path":"/Users/gazzamacd42/Code/learn/js/vanilla_js/study_hard_parts_oop/2.prototype_and_new/prototype-use-with-this.js","statementMap":{"0":{"start":{"line":7,"column":4},"end":{"line":7,"column":21}},"1":{"start":{"line":8,"column":4},"end":{"line":8,"column":23}},"2":{"start":{"line":17,"column":0},"end":{"line":19,"column":2}},"3":{"start":{"line":18,"column":4},"end":{"line":18,"column":20}},"4":{"start":{"line":20,"column":0},"end":{"line":22,"column":2}},"5":{"start":{"line":21,"column":4},"end":{"line":21,"column":46}},"6":{"start":{"line":28,"column":16},"end":{"line":28,"column":45}},"7":{"start":{"line":29,"column":16},"end":{"line":29,"column":41}}},"fnMap":{"0":{"name":"UserCreator","decl":{"start":{"line":5,"column":9},"end":{"line":5,"column":20}},"loc":{"start":{"line":5,"column":34},"end":{"line":10,"column":1}},"line":5},"1":{"name":"(anonymous_1)","decl":{"start":{"line":17,"column":34},"end":{"line":17,"column":35}},"loc":{"start":{"line":17,"column":46},"end":{"line":19,"column":1}},"line":17},"2":{"name":"(anonymous_2)","decl":{"start":{"line":20,"column":30},"end":{"line":20,"column":31}},"loc":{"start":{"line":20,"column":42},"end":{"line":22,"column":1}},"line":20}},"branchMap":{},"s":{"0":2,"1":2,"2":1,"3":2,"4":1,"5":2,"6":1,"7":1},"f":{"0":2,"1":2,"2":2},"b":{},"_coverageSchema":"1a1c01bbd47fc00a2c39e90264f33305004495a9","hash":"5d40d289940626316c8bf5b7516285cbec834213"}
,"/Users/gazzamacd42/Code/learn/js/vanilla_js/study_hard_parts_oop/2.prototype_and_new/prototype-use.js": {"path":"/Users/gazzamacd42/Code/learn/js/vanilla_js/study_hard_parts_oop/2.prototype_and_new/prototype-use.js","statementMap":{"0":{"start":{"line":5,"column":22},"end":{"line":12,"column":1}},"1":{"start":{"line":7,"column":8},"end":{"line":7,"column":24}},"2":{"start":{"line":10,"column":8},"end":{"line":10,"column":50}},"3":{"start":{"line":21,"column":20},"end":{"line":21,"column":48}},"4":{"start":{"line":23,"column":4},"end":{"line":23,"column":24}},"5":{"start":{"line":24,"column":4},"end":{"line":24,"column":26}},"6":{"start":{"line":26,"column":4},"end":{"line":26,"column":19}},"7":{"start":{"line":33,"column":16},"end":{"line":33,"column":41}},"8":{"start":{"line":34,"column":16},"end":{"line":34,"column":37}}},"fnMap":{"0":{"name":"(anonymous_0)","decl":{"start":{"line":6,"column":15},"end":{"line":6,"column":16}},"loc":{"start":{"line":6,"column":27},"end":{"line":8,"column":5}},"line":6},"1":{"name":"(anonymous_1)","decl":{"start":{"line":9,"column":11},"end":{"line":9,"column":12}},"loc":{"start":{"line":9,"column":23},"end":{"line":11,"column":5}},"line":9},"2":{"name":"UserCreator","decl":{"start":{"line":18,"column":9},"end":{"line":18,"column":20}},"loc":{"start":{"line":18,"column":34},"end":{"line":27,"column":1}},"line":18}},"branchMap":{},"s":{"0":1,"1":2,"2":2,"3":2,"4":2,"5":2,"6":2,"7":1,"8":1},"f":{"0":2,"1":2,"2":2},"b":{},"_coverageSchema":"1a1c01bbd47fc00a2c39e90264f33305004495a9","hash":"2f2a92fc7f121dbdf6bee62f96bde0e9777ee604"}
}
