TN:
SF:1.object_creation/object-creation.js
FN:8,(anonymous_0)
FN:18,(anonymous_1)
FN:34,(anonymous_2)
FN:42,UserCreator
FN:46,(anonymous_4)
FNF:5
FNH:5
FNDA:1,(anonymous_0)
FNDA:1,(anonymous_1)
FNDA:1,(anonymous_2)
FNDA:1,UserCreator
FNDA:1,(anonymous_4)
DA:5,1
DA:6,1
DA:7,1
DA:8,1
DA:9,1
DA:15,1
DA:19,1
DA:31,1
DA:32,1
DA:33,1
DA:34,1
DA:35,1
DA:43,1
DA:44,1
DA:45,1
DA:46,1
DA:47,1
DA:49,1
DA:53,1
LF:19
LH:19
BRF:0
BRH:0
end_of_record
TN:
SF:2.prototype_and_new/prototype-use-with-this.js
FN:5,UserCreator
FN:17,(anonymous_1)
FN:20,(anonymous_2)
FNF:3
FNH:3
FNDA:2,UserCreator
FNDA:2,(anonymous_1)
FNDA:2,(anonymous_2)
DA:7,2
DA:8,2
DA:17,1
DA:18,2
DA:20,1
DA:21,2
DA:28,1
DA:29,1
LF:8
LH:8
BRF:0
BRH:0
end_of_record
TN:
SF:2.prototype_and_new/prototype-use.js
FN:6,(anonymous_0)
FN:9,(anonymous_1)
FN:18,UserCreator
FNF:3
FNH:3
FNDA:2,(anonymous_0)
FNDA:2,(anonymous_1)
FNDA:2,UserCreator
DA:5,1
DA:7,2
DA:10,2
DA:21,2
DA:23,2
DA:24,2
DA:26,2
DA:33,1
DA:34,1
LF:9
LH:9
BRF:0
BRH:0
end_of_record
